
****** BUILD ******


****** executing: python3 setup.py install --user ******

running install
/opt/hostedtoolcache/Python/3.11.2/x64/lib/python3.11/site-packages/setuptools/command/install.py:34: SetuptoolsDeprecationWarning: setup.py install is deprecated. Use build and pip and other standards-based tools.
  warnings.warn(
/opt/hostedtoolcache/Python/3.11.2/x64/lib/python3.11/site-packages/setuptools/command/easy_install.py:144: EasyInstallDeprecationWarning: easy_install command is deprecated. Use build and pip and other standards-based tools.
  warnings.warn(
running bdist_egg
running egg_info
creating swagger_server.egg-info
writing swagger_server.egg-info/PKG-INFO
writing dependency_links to swagger_server.egg-info/dependency_links.txt
writing entry points to swagger_server.egg-info/entry_points.txt
writing requirements to swagger_server.egg-info/requires.txt
writing top-level names to swagger_server.egg-info/top_level.txt
writing manifest file 'swagger_server.egg-info/SOURCES.txt'
reading manifest file 'swagger_server.egg-info/SOURCES.txt'
writing manifest file 'swagger_server.egg-info/SOURCES.txt'
installing library code to build/bdist.linux-x86_64/egg
running install_lib
running build_py
creating build
creating build/lib
creating build/lib/swagger_server
copying swagger_server/type_util.py -> build/lib/swagger_server
copying swagger_server/__init__.py -> build/lib/swagger_server
copying swagger_server/__main__.py -> build/lib/swagger_server
copying swagger_server/encoder.py -> build/lib/swagger_server
copying swagger_server/util.py -> build/lib/swagger_server
creating build/lib/swagger_server/models
copying swagger_server/models/single_pet_response.py -> build/lib/swagger_server/models
copying swagger_server/models/special_model_name.py -> build/lib/swagger_server/models
copying swagger_server/models/map_test.py -> build/lib/swagger_server/models
copying swagger_server/models/macaw.py -> build/lib/swagger_server/models
copying swagger_server/models/outer_boolean.py -> build/lib/swagger_server/models
copying swagger_server/models/read_only_first.py -> build/lib/swagger_server/models
copying swagger_server/models/part_master.py -> build/lib/swagger_server/models
copying swagger_server/models/pet_id_upload_image_body.py -> build/lib/swagger_server/models
copying swagger_server/models/all_of_sub_category_category.py -> build/lib/swagger_server/models
copying swagger_server/models/api_response.py -> build/lib/swagger_server/models
copying swagger_server/models/dog_dog_id_body.py -> build/lib/swagger_server/models
copying swagger_server/models/order.py -> build/lib/swagger_server/models
copying swagger_server/models/dog.py -> build/lib/swagger_server/models
copying swagger_server/models/base_model_.py -> build/lib/swagger_server/models
copying swagger_server/models/any_ofparrot_body_parrots_items.py -> build/lib/swagger_server/models
copying swagger_server/models/outer_string.py -> build/lib/swagger_server/models
copying swagger_server/models/all_of_pup_pets_items.py -> build/lib/swagger_server/models
copying swagger_server/models/name.py -> build/lib/swagger_server/models
copying swagger_server/models/category.py -> build/lib/swagger_server/models
copying swagger_server/models/one_of_part_master_origin.py -> build/lib/swagger_server/models
copying swagger_server/models/parakeet.py -> build/lib/swagger_server/models
copying swagger_server/models/user_wrapper.py -> build/lib/swagger_server/models
copying swagger_server/models/one_ofinline_response200_parrots_items.py -> build/lib/swagger_server/models
copying swagger_server/models/outer_enum.py -> build/lib/swagger_server/models
copying swagger_server/models/outer_composite.py -> build/lib/swagger_server/models
copying swagger_server/models/array_of_array_of_number_only.py -> build/lib/swagger_server/models
copying swagger_server/models/part_one.py -> build/lib/swagger_server/models
copying swagger_server/models/val_members.py -> build/lib/swagger_server/models
copying swagger_server/models/outer_number.py -> build/lib/swagger_server/models
copying swagger_server/models/class_model.py -> build/lib/swagger_server/models
copying swagger_server/models/pet_pet_id_body.py -> build/lib/swagger_server/models
copying swagger_server/models/model200_response.py -> build/lib/swagger_server/models
copying swagger_server/models/additional_properties_class.py -> build/lib/swagger_server/models
copying swagger_server/models/inline_response200.py -> build/lib/swagger_server/models
copying swagger_server/models/parrot_body.py -> build/lib/swagger_server/models
copying swagger_server/models/tag.py -> build/lib/swagger_server/models
copying swagger_server/models/val_member_choice2.py -> build/lib/swagger_server/models
copying swagger_server/models/__init__.py -> build/lib/swagger_server/models
copying swagger_server/models/one_of_pup.py -> build/lib/swagger_server/models
copying swagger_server/models/capitalization.py -> build/lib/swagger_server/models
copying swagger_server/models/pup.py -> build/lib/swagger_server/models
copying swagger_server/models/number_only.py -> build/lib/swagger_server/models
copying swagger_server/models/fake_body1.py -> build/lib/swagger_server/models
copying swagger_server/models/fake_json_form_data_body.py -> build/lib/swagger_server/models
copying swagger_server/models/enum_test.py -> build/lib/swagger_server/models
copying swagger_server/models/val_member_choice1.py -> build/lib/swagger_server/models
copying swagger_server/models/animal.py -> build/lib/swagger_server/models
copying swagger_server/models/fake_body.py -> build/lib/swagger_server/models
copying swagger_server/models/part_two.py -> build/lib/swagger_server/models
copying swagger_server/models/format_test.py -> build/lib/swagger_server/models
copying swagger_server/models/has_only_read_only.py -> build/lib/swagger_server/models
copying swagger_server/models/all_of_sub_category_pets_items.py -> build/lib/swagger_server/models
copying swagger_server/models/enum_form_body.py -> build/lib/swagger_server/models
copying swagger_server/models/part_three.py -> build/lib/swagger_server/models
copying swagger_server/models/sub_category.py -> build/lib/swagger_server/models
copying swagger_server/models/mixed_properties_and_additional_properties_class.py -> build/lib/swagger_server/models
copying swagger_server/models/one_of_part_master_destination.py -> build/lib/swagger_server/models
copying swagger_server/models/animal_animal_id_body.py -> build/lib/swagger_server/models
copying swagger_server/models/enum_arrays.py -> build/lib/swagger_server/models
copying swagger_server/models/one_of_single_pet_response_pet.py -> build/lib/swagger_server/models
copying swagger_server/models/one_of_all_pets_response_items.py -> build/lib/swagger_server/models
copying swagger_server/models/part_four.py -> build/lib/swagger_server/models
copying swagger_server/models/array_test.py -> build/lib/swagger_server/models
copying swagger_server/models/all_pets_response.py -> build/lib/swagger_server/models
copying swagger_server/models/animal_farm.py -> build/lib/swagger_server/models
copying swagger_server/models/one_ofval_members_val_member_items.py -> build/lib/swagger_server/models
copying swagger_server/models/client.py -> build/lib/swagger_server/models
copying swagger_server/models/nullable_enum_model.py -> build/lib/swagger_server/models
copying swagger_server/models/cat.py -> build/lib/swagger_server/models
copying swagger_server/models/pet.py -> build/lib/swagger_server/models
copying swagger_server/models/array_of_number_only.py -> build/lib/swagger_server/models
copying swagger_server/models/user.py -> build/lib/swagger_server/models
copying swagger_server/models/parrot_body1.py -> build/lib/swagger_server/models
copying swagger_server/models/model_return.py -> build/lib/swagger_server/models
copying swagger_server/models/inline_response2001.py -> build/lib/swagger_server/models
copying swagger_server/models/enum_class.py -> build/lib/swagger_server/models
copying swagger_server/models/users.py -> build/lib/swagger_server/models
creating build/lib/swagger_server/test
copying swagger_server/test/test_another_fake_controller.py -> build/lib/swagger_server/test
copying swagger_server/test/test_dog_controller.py -> build/lib/swagger_server/test
copying swagger_server/test/__init__.py -> build/lib/swagger_server/test
copying swagger_server/test/test_fake_controller.py -> build/lib/swagger_server/test
copying swagger_server/test/test_pet_controller.py -> build/lib/swagger_server/test
copying swagger_server/test/test_fake_classname_tags123_controller.py -> build/lib/swagger_server/test
copying swagger_server/test/test_parrot_controller.py -> build/lib/swagger_server/test
copying swagger_server/test/test_store_controller.py -> build/lib/swagger_server/test
copying swagger_server/test/test_user_controller.py -> build/lib/swagger_server/test
copying swagger_server/test/test_animal_controller.py -> build/lib/swagger_server/test
copying swagger_server/test/test_master_controller.py -> build/lib/swagger_server/test
creating build/lib/swagger_server/controllers
copying swagger_server/controllers/animal_controller.py -> build/lib/swagger_server/controllers
copying swagger_server/controllers/parrot_controller.py -> build/lib/swagger_server/controllers
copying swagger_server/controllers/master_controller.py -> build/lib/swagger_server/controllers
copying swagger_server/controllers/user_controller.py -> build/lib/swagger_server/controllers
copying swagger_server/controllers/dog_controller.py -> build/lib/swagger_server/controllers
copying swagger_server/controllers/__init__.py -> build/lib/swagger_server/controllers
copying swagger_server/controllers/authorization_controller.py -> build/lib/swagger_server/controllers
copying swagger_server/controllers/store_controller.py -> build/lib/swagger_server/controllers
copying swagger_server/controllers/fake_classname_tags123_controller.py -> build/lib/swagger_server/controllers
copying swagger_server/controllers/another_fake_controller.py -> build/lib/swagger_server/controllers
copying swagger_server/controllers/pet_controller.py -> build/lib/swagger_server/controllers
copying swagger_server/controllers/fake_controller.py -> build/lib/swagger_server/controllers
/opt/hostedtoolcache/Python/3.11.2/x64/lib/python3.11/site-packages/setuptools/command/build_py.py:202: SetuptoolsDeprecationWarning:     Installing 'swagger_server.swagger' as data is deprecated, please list it in `packages`.
    !!


    ############################
    # Package would be ignored #
    ############################
    Python recognizes 'swagger_server.swagger' as an importable package,
    but it is not listed in the `packages` configuration of setuptools.

    'swagger_server.swagger' has been automatically added to the distribution only
    because it may contain data files, but this behavior is likely to change
    in future versions of setuptools (and therefore is considered deprecated).

    Please make sure that 'swagger_server.swagger' is included as a package by using
    the `packages` configuration field or the proper discovery methods
    (for example by using `find_namespace_packages(...)`/`find_namespace:`
    instead of `find_packages(...)`/`find:`).

    You can read more about "package discovery" and "data files" on setuptools
    documentation page.


!!

  check.warn(importable)
creating build/lib/swagger_server/swagger
copying swagger_server/swagger/swagger.yaml -> build/lib/swagger_server/swagger
creating build/bdist.linux-x86_64
creating build/bdist.linux-x86_64/egg
creating build/bdist.linux-x86_64/egg/swagger_server
creating build/bdist.linux-x86_64/egg/swagger_server/models
copying build/lib/swagger_server/models/single_pet_response.py -> build/bdist.linux-x86_64/egg/swagger_server/models
copying build/lib/swagger_server/models/special_model_name.py -> build/bdist.linux-x86_64/egg/swagger_server/models
copying build/lib/swagger_server/models/map_test.py -> build/bdist.linux-x86_64/egg/swagger_server/models
copying build/lib/swagger_server/models/macaw.py -> build/bdist.linux-x86_64/egg/swagger_server/models
copying build/lib/swagger_server/models/outer_boolean.py -> build/bdist.linux-x86_64/egg/swagger_server/models
copying build/lib/swagger_server/models/read_only_first.py -> build/bdist.linux-x86_64/egg/swagger_server/models
copying build/lib/swagger_server/models/part_master.py -> build/bdist.linux-x86_64/egg/swagger_server/models
copying build/lib/swagger_server/models/pet_id_upload_image_body.py -> build/bdist.linux-x86_64/egg/swagger_server/models
copying build/lib/swagger_server/models/all_of_sub_category_category.py -> build/bdist.linux-x86_64/egg/swagger_server/models
copying build/lib/swagger_server/models/api_response.py -> build/bdist.linux-x86_64/egg/swagger_server/models
copying build/lib/swagger_server/models/dog_dog_id_body.py -> build/bdist.linux-x86_64/egg/swagger_server/models
copying build/lib/swagger_server/models/order.py -> build/bdist.linux-x86_64/egg/swagger_server/models
copying build/lib/swagger_server/models/dog.py -> build/bdist.linux-x86_64/egg/swagger_server/models
copying build/lib/swagger_server/models/base_model_.py -> build/bdist.linux-x86_64/egg/swagger_server/models
copying build/lib/swagger_server/models/any_ofparrot_body_parrots_items.py -> build/bdist.linux-x86_64/egg/swagger_server/models
copying build/lib/swagger_server/models/outer_string.py -> build/bdist.linux-x86_64/egg/swagger_server/models
copying build/lib/swagger_server/models/all_of_pup_pets_items.py -> build/bdist.linux-x86_64/egg/swagger_server/models
copying build/lib/swagger_server/models/name.py -> build/bdist.linux-x86_64/egg/swagger_server/models
copying build/lib/swagger_server/models/category.py -> build/bdist.linux-x86_64/egg/swagger_server/models
copying build/lib/swagger_server/models/one_of_part_master_origin.py -> build/bdist.linux-x86_64/egg/swagger_server/models
copying build/lib/swagger_server/models/parakeet.py -> build/bdist.linux-x86_64/egg/swagger_server/models
copying build/lib/swagger_server/models/user_wrapper.py -> build/bdist.linux-x86_64/egg/swagger_server/models
copying build/lib/swagger_server/models/one_ofinline_response200_parrots_items.py -> build/bdist.linux-x86_64/egg/swagger_server/models
copying build/lib/swagger_server/models/outer_enum.py -> build/bdist.linux-x86_64/egg/swagger_server/models
copying build/lib/swagger_server/models/outer_composite.py -> build/bdist.linux-x86_64/egg/swagger_server/models
copying build/lib/swagger_server/models/array_of_array_of_number_only.py -> build/bdist.linux-x86_64/egg/swagger_server/models
copying build/lib/swagger_server/models/part_one.py -> build/bdist.linux-x86_64/egg/swagger_server/models
copying build/lib/swagger_server/models/val_members.py -> build/bdist.linux-x86_64/egg/swagger_server/models
copying build/lib/swagger_server/models/outer_number.py -> build/bdist.linux-x86_64/egg/swagger_server/models
copying build/lib/swagger_server/models/class_model.py -> build/bdist.linux-x86_64/egg/swagger_server/models
copying build/lib/swagger_server/models/pet_pet_id_body.py -> build/bdist.linux-x86_64/egg/swagger_server/models
copying build/lib/swagger_server/models/model200_response.py -> build/bdist.linux-x86_64/egg/swagger_server/models
copying build/lib/swagger_server/models/additional_properties_class.py -> build/bdist.linux-x86_64/egg/swagger_server/models
copying build/lib/swagger_server/models/inline_response200.py -> build/bdist.linux-x86_64/egg/swagger_server/models
copying build/lib/swagger_server/models/parrot_body.py -> build/bdist.linux-x86_64/egg/swagger_server/models
copying build/lib/swagger_server/models/tag.py -> build/bdist.linux-x86_64/egg/swagger_server/models
copying build/lib/swagger_server/models/val_member_choice2.py -> build/bdist.linux-x86_64/egg/swagger_server/models
copying build/lib/swagger_server/models/__init__.py -> build/bdist.linux-x86_64/egg/swagger_server/models
copying build/lib/swagger_server/models/one_of_pup.py -> build/bdist.linux-x86_64/egg/swagger_server/models
copying build/lib/swagger_server/models/capitalization.py -> build/bdist.linux-x86_64/egg/swagger_server/models
copying build/lib/swagger_server/models/pup.py -> build/bdist.linux-x86_64/egg/swagger_server/models
copying build/lib/swagger_server/models/number_only.py -> build/bdist.linux-x86_64/egg/swagger_server/models
copying build/lib/swagger_server/models/fake_body1.py -> build/bdist.linux-x86_64/egg/swagger_server/models
copying build/lib/swagger_server/models/fake_json_form_data_body.py -> build/bdist.linux-x86_64/egg/swagger_server/models
copying build/lib/swagger_server/models/enum_test.py -> build/bdist.linux-x86_64/egg/swagger_server/models
copying build/lib/swagger_server/models/val_member_choice1.py -> build/bdist.linux-x86_64/egg/swagger_server/models
copying build/lib/swagger_server/models/animal.py -> build/bdist.linux-x86_64/egg/swagger_server/models
copying build/lib/swagger_server/models/fake_body.py -> build/bdist.linux-x86_64/egg/swagger_server/models
copying build/lib/swagger_server/models/part_two.py -> build/bdist.linux-x86_64/egg/swagger_server/models
copying build/lib/swagger_server/models/format_test.py -> build/bdist.linux-x86_64/egg/swagger_server/models
copying build/lib/swagger_server/models/has_only_read_only.py -> build/bdist.linux-x86_64/egg/swagger_server/models
copying build/lib/swagger_server/models/all_of_sub_category_pets_items.py -> build/bdist.linux-x86_64/egg/swagger_server/models
copying build/lib/swagger_server/models/enum_form_body.py -> build/bdist.linux-x86_64/egg/swagger_server/models
copying build/lib/swagger_server/models/part_three.py -> build/bdist.linux-x86_64/egg/swagger_server/models
copying build/lib/swagger_server/models/sub_category.py -> build/bdist.linux-x86_64/egg/swagger_server/models
copying build/lib/swagger_server/models/mixed_properties_and_additional_properties_class.py -> build/bdist.linux-x86_64/egg/swagger_server/models
copying build/lib/swagger_server/models/one_of_part_master_destination.py -> build/bdist.linux-x86_64/egg/swagger_server/models
copying build/lib/swagger_server/models/animal_animal_id_body.py -> build/bdist.linux-x86_64/egg/swagger_server/models
copying build/lib/swagger_server/models/enum_arrays.py -> build/bdist.linux-x86_64/egg/swagger_server/models
copying build/lib/swagger_server/models/one_of_single_pet_response_pet.py -> build/bdist.linux-x86_64/egg/swagger_server/models
copying build/lib/swagger_server/models/one_of_all_pets_response_items.py -> build/bdist.linux-x86_64/egg/swagger_server/models
copying build/lib/swagger_server/models/part_four.py -> build/bdist.linux-x86_64/egg/swagger_server/models
copying build/lib/swagger_server/models/array_test.py -> build/bdist.linux-x86_64/egg/swagger_server/models
copying build/lib/swagger_server/models/all_pets_response.py -> build/bdist.linux-x86_64/egg/swagger_server/models
copying build/lib/swagger_server/models/animal_farm.py -> build/bdist.linux-x86_64/egg/swagger_server/models
copying build/lib/swagger_server/models/one_ofval_members_val_member_items.py -> build/bdist.linux-x86_64/egg/swagger_server/models
copying build/lib/swagger_server/models/client.py -> build/bdist.linux-x86_64/egg/swagger_server/models
copying build/lib/swagger_server/models/nullable_enum_model.py -> build/bdist.linux-x86_64/egg/swagger_server/models
copying build/lib/swagger_server/models/cat.py -> build/bdist.linux-x86_64/egg/swagger_server/models
copying build/lib/swagger_server/models/pet.py -> build/bdist.linux-x86_64/egg/swagger_server/models
copying build/lib/swagger_server/models/array_of_number_only.py -> build/bdist.linux-x86_64/egg/swagger_server/models
copying build/lib/swagger_server/models/user.py -> build/bdist.linux-x86_64/egg/swagger_server/models
copying build/lib/swagger_server/models/parrot_body1.py -> build/bdist.linux-x86_64/egg/swagger_server/models
copying build/lib/swagger_server/models/model_return.py -> build/bdist.linux-x86_64/egg/swagger_server/models
copying build/lib/swagger_server/models/inline_response2001.py -> build/bdist.linux-x86_64/egg/swagger_server/models
copying build/lib/swagger_server/models/enum_class.py -> build/bdist.linux-x86_64/egg/swagger_server/models
copying build/lib/swagger_server/models/users.py -> build/bdist.linux-x86_64/egg/swagger_server/models
copying build/lib/swagger_server/type_util.py -> build/bdist.linux-x86_64/egg/swagger_server
creating build/bdist.linux-x86_64/egg/swagger_server/swagger
copying build/lib/swagger_server/swagger/swagger.yaml -> build/bdist.linux-x86_64/egg/swagger_server/swagger
creating build/bdist.linux-x86_64/egg/swagger_server/test
copying build/lib/swagger_server/test/test_another_fake_controller.py -> build/bdist.linux-x86_64/egg/swagger_server/test
copying build/lib/swagger_server/test/test_dog_controller.py -> build/bdist.linux-x86_64/egg/swagger_server/test
copying build/lib/swagger_server/test/__init__.py -> build/bdist.linux-x86_64/egg/swagger_server/test
copying build/lib/swagger_server/test/test_fake_controller.py -> build/bdist.linux-x86_64/egg/swagger_server/test
copying build/lib/swagger_server/test/test_pet_controller.py -> build/bdist.linux-x86_64/egg/swagger_server/test
copying build/lib/swagger_server/test/test_fake_classname_tags123_controller.py -> build/bdist.linux-x86_64/egg/swagger_server/test
copying build/lib/swagger_server/test/test_parrot_controller.py -> build/bdist.linux-x86_64/egg/swagger_server/test
copying build/lib/swagger_server/test/test_store_controller.py -> build/bdist.linux-x86_64/egg/swagger_server/test
copying build/lib/swagger_server/test/test_user_controller.py -> build/bdist.linux-x86_64/egg/swagger_server/test
copying build/lib/swagger_server/test/test_animal_controller.py -> build/bdist.linux-x86_64/egg/swagger_server/test
copying build/lib/swagger_server/test/test_master_controller.py -> build/bdist.linux-x86_64/egg/swagger_server/test
creating build/bdist.linux-x86_64/egg/swagger_server/controllers
copying build/lib/swagger_server/controllers/animal_controller.py -> build/bdist.linux-x86_64/egg/swagger_server/controllers
copying build/lib/swagger_server/controllers/parrot_controller.py -> build/bdist.linux-x86_64/egg/swagger_server/controllers
copying build/lib/swagger_server/controllers/master_controller.py -> build/bdist.linux-x86_64/egg/swagger_server/controllers
copying build/lib/swagger_server/controllers/user_controller.py -> build/bdist.linux-x86_64/egg/swagger_server/controllers
copying build/lib/swagger_server/controllers/dog_controller.py -> build/bdist.linux-x86_64/egg/swagger_server/controllers
copying build/lib/swagger_server/controllers/__init__.py -> build/bdist.linux-x86_64/egg/swagger_server/controllers
copying build/lib/swagger_server/controllers/authorization_controller.py -> build/bdist.linux-x86_64/egg/swagger_server/controllers
copying build/lib/swagger_server/controllers/store_controller.py -> build/bdist.linux-x86_64/egg/swagger_server/controllers
copying build/lib/swagger_server/controllers/fake_classname_tags123_controller.py -> build/bdist.linux-x86_64/egg/swagger_server/controllers
copying build/lib/swagger_server/controllers/another_fake_controller.py -> build/bdist.linux-x86_64/egg/swagger_server/controllers
copying build/lib/swagger_server/controllers/pet_controller.py -> build/bdist.linux-x86_64/egg/swagger_server/controllers
copying build/lib/swagger_server/controllers/fake_controller.py -> build/bdist.linux-x86_64/egg/swagger_server/controllers
copying build/lib/swagger_server/__init__.py -> build/bdist.linux-x86_64/egg/swagger_server
copying build/lib/swagger_server/__main__.py -> build/bdist.linux-x86_64/egg/swagger_server
copying build/lib/swagger_server/encoder.py -> build/bdist.linux-x86_64/egg/swagger_server
copying build/lib/swagger_server/util.py -> build/bdist.linux-x86_64/egg/swagger_server
byte-compiling build/bdist.linux-x86_64/egg/swagger_server/models/single_pet_response.py to single_pet_response.cpython-311.pyc
byte-compiling build/bdist.linux-x86_64/egg/swagger_server/models/special_model_name.py to special_model_name.cpython-311.pyc
byte-compiling build/bdist.linux-x86_64/egg/swagger_server/models/map_test.py to map_test.cpython-311.pyc
byte-compiling build/bdist.linux-x86_64/egg/swagger_server/models/macaw.py to macaw.cpython-311.pyc
byte-compiling build/bdist.linux-x86_64/egg/swagger_server/models/outer_boolean.py to outer_boolean.cpython-311.pyc
byte-compiling build/bdist.linux-x86_64/egg/swagger_server/models/read_only_first.py to read_only_first.cpython-311.pyc
byte-compiling build/bdist.linux-x86_64/egg/swagger_server/models/part_master.py to part_master.cpython-311.pyc
byte-compiling build/bdist.linux-x86_64/egg/swagger_server/models/pet_id_upload_image_body.py to pet_id_upload_image_body.cpython-311.pyc
byte-compiling build/bdist.linux-x86_64/egg/swagger_server/models/all_of_sub_category_category.py to all_of_sub_category_category.cpython-311.pyc
byte-compiling build/bdist.linux-x86_64/egg/swagger_server/models/api_response.py to api_response.cpython-311.pyc
byte-compiling build/bdist.linux-x86_64/egg/swagger_server/models/dog_dog_id_body.py to dog_dog_id_body.cpython-311.pyc
byte-compiling build/bdist.linux-x86_64/egg/swagger_server/models/order.py to order.cpython-311.pyc
byte-compiling build/bdist.linux-x86_64/egg/swagger_server/models/dog.py to dog.cpython-311.pyc
byte-compiling build/bdist.linux-x86_64/egg/swagger_server/models/base_model_.py to base_model_.cpython-311.pyc
byte-compiling build/bdist.linux-x86_64/egg/swagger_server/models/any_ofparrot_body_parrots_items.py to any_ofparrot_body_parrots_items.cpython-311.pyc
byte-compiling build/bdist.linux-x86_64/egg/swagger_server/models/outer_string.py to outer_string.cpython-311.pyc
byte-compiling build/bdist.linux-x86_64/egg/swagger_server/models/all_of_pup_pets_items.py to all_of_pup_pets_items.cpython-311.pyc
byte-compiling build/bdist.linux-x86_64/egg/swagger_server/models/name.py to name.cpython-311.pyc
byte-compiling build/bdist.linux-x86_64/egg/swagger_server/models/category.py to category.cpython-311.pyc
byte-compiling build/bdist.linux-x86_64/egg/swagger_server/models/one_of_part_master_origin.py to one_of_part_master_origin.cpython-311.pyc
byte-compiling build/bdist.linux-x86_64/egg/swagger_server/models/parakeet.py to parakeet.cpython-311.pyc
byte-compiling build/bdist.linux-x86_64/egg/swagger_server/models/user_wrapper.py to user_wrapper.cpython-311.pyc
byte-compiling build/bdist.linux-x86_64/egg/swagger_server/models/one_ofinline_response200_parrots_items.py to one_ofinline_response200_parrots_items.cpython-311.pyc
byte-compiling build/bdist.linux-x86_64/egg/swagger_server/models/outer_enum.py to outer_enum.cpython-311.pyc
byte-compiling build/bdist.linux-x86_64/egg/swagger_server/models/outer_composite.py to outer_composite.cpython-311.pyc
byte-compiling build/bdist.linux-x86_64/egg/swagger_server/models/array_of_array_of_number_only.py to array_of_array_of_number_only.cpython-311.pyc
byte-compiling build/bdist.linux-x86_64/egg/swagger_server/models/part_one.py to part_one.cpython-311.pyc
byte-compiling build/bdist.linux-x86_64/egg/swagger_server/models/val_members.py to val_members.cpython-311.pyc
byte-compiling build/bdist.linux-x86_64/egg/swagger_server/models/outer_number.py to outer_number.cpython-311.pyc
byte-compiling build/bdist.linux-x86_64/egg/swagger_server/models/class_model.py to class_model.cpython-311.pyc
byte-compiling build/bdist.linux-x86_64/egg/swagger_server/models/pet_pet_id_body.py to pet_pet_id_body.cpython-311.pyc
byte-compiling build/bdist.linux-x86_64/egg/swagger_server/models/model200_response.py to model200_response.cpython-311.pyc
byte-compiling build/bdist.linux-x86_64/egg/swagger_server/models/additional_properties_class.py to additional_properties_class.cpython-311.pyc
byte-compiling build/bdist.linux-x86_64/egg/swagger_server/models/inline_response200.py to inline_response200.cpython-311.pyc
byte-compiling build/bdist.linux-x86_64/egg/swagger_server/models/parrot_body.py to parrot_body.cpython-311.pyc
byte-compiling build/bdist.linux-x86_64/egg/swagger_server/models/tag.py to tag.cpython-311.pyc
byte-compiling build/bdist.linux-x86_64/egg/swagger_server/models/val_member_choice2.py to val_member_choice2.cpython-311.pyc
byte-compiling build/bdist.linux-x86_64/egg/swagger_server/models/__init__.py to __init__.cpython-311.pyc
byte-compiling build/bdist.linux-x86_64/egg/swagger_server/models/one_of_pup.py to one_of_pup.cpython-311.pyc
byte-compiling build/bdist.linux-x86_64/egg/swagger_server/models/capitalization.py to capitalization.cpython-311.pyc
byte-compiling build/bdist.linux-x86_64/egg/swagger_server/models/pup.py to pup.cpython-311.pyc
byte-compiling build/bdist.linux-x86_64/egg/swagger_server/models/number_only.py to number_only.cpython-311.pyc
byte-compiling build/bdist.linux-x86_64/egg/swagger_server/models/fake_body1.py to fake_body1.cpython-311.pyc
byte-compiling build/bdist.linux-x86_64/egg/swagger_server/models/fake_json_form_data_body.py to fake_json_form_data_body.cpython-311.pyc
byte-compiling build/bdist.linux-x86_64/egg/swagger_server/models/enum_test.py to enum_test.cpython-311.pyc
byte-compiling build/bdist.linux-x86_64/egg/swagger_server/models/val_member_choice1.py to val_member_choice1.cpython-311.pyc
byte-compiling build/bdist.linux-x86_64/egg/swagger_server/models/animal.py to animal.cpython-311.pyc
byte-compiling build/bdist.linux-x86_64/egg/swagger_server/models/fake_body.py to fake_body.cpython-311.pyc
byte-compiling build/bdist.linux-x86_64/egg/swagger_server/models/part_two.py to part_two.cpython-311.pyc
byte-compiling build/bdist.linux-x86_64/egg/swagger_server/models/format_test.py to format_test.cpython-311.pyc
byte-compiling build/bdist.linux-x86_64/egg/swagger_server/models/has_only_read_only.py to has_only_read_only.cpython-311.pyc
byte-compiling build/bdist.linux-x86_64/egg/swagger_server/models/all_of_sub_category_pets_items.py to all_of_sub_category_pets_items.cpython-311.pyc
byte-compiling build/bdist.linux-x86_64/egg/swagger_server/models/enum_form_body.py to enum_form_body.cpython-311.pyc
byte-compiling build/bdist.linux-x86_64/egg/swagger_server/models/part_three.py to part_three.cpython-311.pyc
byte-compiling build/bdist.linux-x86_64/egg/swagger_server/models/sub_category.py to sub_category.cpython-311.pyc
byte-compiling build/bdist.linux-x86_64/egg/swagger_server/models/mixed_properties_and_additional_properties_class.py to mixed_properties_and_additional_properties_class.cpython-311.pyc
byte-compiling build/bdist.linux-x86_64/egg/swagger_server/models/one_of_part_master_destination.py to one_of_part_master_destination.cpython-311.pyc
byte-compiling build/bdist.linux-x86_64/egg/swagger_server/models/animal_animal_id_body.py to animal_animal_id_body.cpython-311.pyc
byte-compiling build/bdist.linux-x86_64/egg/swagger_server/models/enum_arrays.py to enum_arrays.cpython-311.pyc
byte-compiling build/bdist.linux-x86_64/egg/swagger_server/models/one_of_single_pet_response_pet.py to one_of_single_pet_response_pet.cpython-311.pyc
byte-compiling build/bdist.linux-x86_64/egg/swagger_server/models/one_of_all_pets_response_items.py to one_of_all_pets_response_items.cpython-311.pyc
byte-compiling build/bdist.linux-x86_64/egg/swagger_server/models/part_four.py to part_four.cpython-311.pyc
byte-compiling build/bdist.linux-x86_64/egg/swagger_server/models/array_test.py to array_test.cpython-311.pyc
byte-compiling build/bdist.linux-x86_64/egg/swagger_server/models/all_pets_response.py to all_pets_response.cpython-311.pyc
byte-compiling build/bdist.linux-x86_64/egg/swagger_server/models/animal_farm.py to animal_farm.cpython-311.pyc
byte-compiling build/bdist.linux-x86_64/egg/swagger_server/models/one_ofval_members_val_member_items.py to one_ofval_members_val_member_items.cpython-311.pyc
byte-compiling build/bdist.linux-x86_64/egg/swagger_server/models/client.py to client.cpython-311.pyc
byte-compiling build/bdist.linux-x86_64/egg/swagger_server/models/nullable_enum_model.py to nullable_enum_model.cpython-311.pyc
byte-compiling build/bdist.linux-x86_64/egg/swagger_server/models/cat.py to cat.cpython-311.pyc
byte-compiling build/bdist.linux-x86_64/egg/swagger_server/models/pet.py to pet.cpython-311.pyc
byte-compiling build/bdist.linux-x86_64/egg/swagger_server/models/array_of_number_only.py to array_of_number_only.cpython-311.pyc
byte-compiling build/bdist.linux-x86_64/egg/swagger_server/models/user.py to user.cpython-311.pyc
byte-compiling build/bdist.linux-x86_64/egg/swagger_server/models/parrot_body1.py to parrot_body1.cpython-311.pyc
byte-compiling build/bdist.linux-x86_64/egg/swagger_server/models/model_return.py to model_return.cpython-311.pyc
byte-compiling build/bdist.linux-x86_64/egg/swagger_server/models/inline_response2001.py to inline_response2001.cpython-311.pyc
byte-compiling build/bdist.linux-x86_64/egg/swagger_server/models/enum_class.py to enum_class.cpython-311.pyc
byte-compiling build/bdist.linux-x86_64/egg/swagger_server/models/users.py to users.cpython-311.pyc
byte-compiling build/bdist.linux-x86_64/egg/swagger_server/type_util.py to type_util.cpython-311.pyc
byte-compiling build/bdist.linux-x86_64/egg/swagger_server/test/test_another_fake_controller.py to test_another_fake_controller.cpython-311.pyc
byte-compiling build/bdist.linux-x86_64/egg/swagger_server/test/test_dog_controller.py to test_dog_controller.cpython-311.pyc
byte-compiling build/bdist.linux-x86_64/egg/swagger_server/test/__init__.py to __init__.cpython-311.pyc
byte-compiling build/bdist.linux-x86_64/egg/swagger_server/test/test_fake_controller.py to test_fake_controller.cpython-311.pyc
byte-compiling build/bdist.linux-x86_64/egg/swagger_server/test/test_pet_controller.py to test_pet_controller.cpython-311.pyc
byte-compiling build/bdist.linux-x86_64/egg/swagger_server/test/test_fake_classname_tags123_controller.py to test_fake_classname_tags123_controller.cpython-311.pyc
byte-compiling build/bdist.linux-x86_64/egg/swagger_server/test/test_parrot_controller.py to test_parrot_controller.cpython-311.pyc
byte-compiling build/bdist.linux-x86_64/egg/swagger_server/test/test_store_controller.py to test_store_controller.cpython-311.pyc
byte-compiling build/bdist.linux-x86_64/egg/swagger_server/test/test_user_controller.py to test_user_controller.cpython-311.pyc
byte-compiling build/bdist.linux-x86_64/egg/swagger_server/test/test_animal_controller.py to test_animal_controller.cpython-311.pyc
byte-compiling build/bdist.linux-x86_64/egg/swagger_server/test/test_master_controller.py to test_master_controller.cpython-311.pyc
byte-compiling build/bdist.linux-x86_64/egg/swagger_server/controllers/animal_controller.py to animal_controller.cpython-311.pyc
byte-compiling build/bdist.linux-x86_64/egg/swagger_server/controllers/parrot_controller.py to parrot_controller.cpython-311.pyc
byte-compiling build/bdist.linux-x86_64/egg/swagger_server/controllers/master_controller.py to master_controller.cpython-311.pyc
byte-compiling build/bdist.linux-x86_64/egg/swagger_server/controllers/user_controller.py to user_controller.cpython-311.pyc
byte-compiling build/bdist.linux-x86_64/egg/swagger_server/controllers/dog_controller.py to dog_controller.cpython-311.pyc
byte-compiling build/bdist.linux-x86_64/egg/swagger_server/controllers/__init__.py to __init__.cpython-311.pyc
Sorry: ValueError: source code string cannot contain null bytes
byte-compiling build/bdist.linux-x86_64/egg/swagger_server/controllers/authorization_controller.py to authorization_controller.cpython-311.pyc
byte-compiling build/bdist.linux-x86_64/egg/swagger_server/controllers/store_controller.py to store_controller.cpython-311.pyc
byte-compiling build/bdist.linux-x86_64/egg/swagger_server/controllers/fake_classname_tags123_controller.py to fake_classname_tags123_controller.cpython-311.pyc
byte-compiling build/bdist.linux-x86_64/egg/swagger_server/controllers/another_fake_controller.py to another_fake_controller.cpython-311.pyc
byte-compiling build/bdist.linux-x86_64/egg/swagger_server/controllers/pet_controller.py to pet_controller.cpython-311.pyc
byte-compiling build/bdist.linux-x86_64/egg/swagger_server/controllers/fake_controller.py to fake_controller.cpython-311.pyc
byte-compiling build/bdist.linux-x86_64/egg/swagger_server/__init__.py to __init__.cpython-311.pyc
Sorry: ValueError: source code string cannot contain null bytes
byte-compiling build/bdist.linux-x86_64/egg/swagger_server/__main__.py to __main__.cpython-311.pyc
byte-compiling build/bdist.linux-x86_64/egg/swagger_server/encoder.py to encoder.cpython-311.pyc
byte-compiling build/bdist.linux-x86_64/egg/swagger_server/util.py to util.cpython-311.pyc
creating build/bdist.linux-x86_64/egg/EGG-INFO
copying swagger_server.egg-info/PKG-INFO -> build/bdist.linux-x86_64/egg/EGG-INFO
copying swagger_server.egg-info/SOURCES.txt -> build/bdist.linux-x86_64/egg/EGG-INFO
copying swagger_server.egg-info/dependency_links.txt -> build/bdist.linux-x86_64/egg/EGG-INFO
copying swagger_server.egg-info/entry_points.txt -> build/bdist.linux-x86_64/egg/EGG-INFO
copying swagger_server.egg-info/requires.txt -> build/bdist.linux-x86_64/egg/EGG-INFO
copying swagger_server.egg-info/top_level.txt -> build/bdist.linux-x86_64/egg/EGG-INFO
zip_safe flag not set; analyzing archive contents...
creating dist
creating 'dist/swagger_server-1.0.0-py3.11.egg' and adding 'build/bdist.linux-x86_64/egg' to it
removing 'build/bdist.linux-x86_64/egg' (and everything under it)
Processing swagger_server-1.0.0-py3.11.egg
Copying swagger_server-1.0.0-py3.11.egg to /home/runner/.local/lib/python3.11/site-packages
Adding swagger-server 1.0.0 to easy-install.pth file
Installing swagger_server script to /home/runner/.local/bin

Installed /home/runner/.local/lib/python3.11/site-packages/swagger_server-1.0.0-py3.11.egg
Processing dependencies for swagger-server==1.0.0
Searching for swagger-ui-bundle>=0.0.2
Reading https://pypi.org/simple/swagger-ui-bundle/
/opt/hostedtoolcache/Python/3.11.2/x64/lib/python3.11/site-packages/pkg_resources/__init__.py:123: PkgResourcesDeprecationWarning:  is an invalid version and will not be supported in a future release
  warnings.warn(
Downloading https://files.pythonhosted.org/packages/f1/4e/920b2cece4bc0367a60a53dcdb63ad210ea8bfe1fcebb35c6e5f47a69259/swagger_ui_bundle-0.0.9-py3-none-any.whl#sha256=cea116ed81147c345001027325c1ddc9ca78c1ee7319935c3c75d3669279d575
Best match: swagger-ui-bundle 0.0.9
Processing swagger_ui_bundle-0.0.9-py3-none-any.whl
Installing swagger_ui_bundle-0.0.9-py3-none-any.whl to /home/runner/.local/lib/python3.11/site-packages
Adding swagger-ui-bundle 0.0.9 to easy-install.pth file

Installed /home/runner/.local/lib/python3.11/site-packages/swagger_ui_bundle-0.0.9-py3.11.egg
Searching for connexion
Reading https://pypi.org/simple/connexion/
Downloading https://files.pythonhosted.org/packages/e5/74/b8ef6f74ceef65e67d6452cd785c8e99104bf8792208f20d0a273d10ef08/connexion-3.0.0a4-py3-none-any.whl#sha256=6144ffcbe28424c198ac92bc90b48617ce9a589066cfe663ce7db6ba6c4f3edb
Best match: connexion 3.0.0a4
Processing connexion-3.0.0a4-py3-none-any.whl
Installing connexion-3.0.0a4-py3-none-any.whl to /home/runner/.local/lib/python3.11/site-packages
Adding connexion 3.0.0a4 to easy-install.pth file
Installing connexion script to /home/runner/.local/bin

Installed /home/runner/.local/lib/python3.11/site-packages/connexion-3.0.0a4-py3.11.egg
Searching for Jinja2>=2.0
Reading https://pypi.org/simple/Jinja2/
Downloading https://files.pythonhosted.org/packages/bc/c3/f068337a370801f372f2f8f6bad74a5c140f6fda3d9de154052708dd3c65/Jinja2-3.1.2-py3-none-any.whl#sha256=6088930bfe239f0e6710546ab9c19c9ef35e29792895fed6e6e31a023a182a61
Best match: Jinja2 3.1.2
Processing Jinja2-3.1.2-py3-none-any.whl
Installing Jinja2-3.1.2-py3-none-any.whl to /home/runner/.local/lib/python3.11/site-packages
Adding Jinja2 3.1.2 to easy-install.pth file

Installed /home/runner/.local/lib/python3.11/site-packages/Jinja2-3.1.2-py3.11.egg
Searching for werkzeug<3.0.0,>=2.2.1
Reading https://pypi.org/simple/werkzeug/
Downloading https://files.pythonhosted.org/packages/f6/f8/9da63c1617ae2a1dec2fbf6412f3a0cfe9d4ce029eccbda6e1e4258ca45f/Werkzeug-2.2.3-py3-none-any.whl#sha256=56433961bc1f12533306c624f3be5e744389ac61d722175d543e1751285da612
Best match: Werkzeug 2.2.3
Processing Werkzeug-2.2.3-py3-none-any.whl
Installing Werkzeug-2.2.3-py3-none-any.whl to /home/runner/.local/lib/python3.11/site-packages
Adding Werkzeug 2.2.3 to easy-install.pth file

Installed /home/runner/.local/lib/python3.11/site-packages/Werkzeug-2.2.3-py3.11.egg
Searching for typing-extensions<5,>=4
Reading https://pypi.org/simple/typing-extensions/
Downloading https://files.pythonhosted.org/packages/31/25/5abcd82372d3d4a3932e1fa8c3dbf9efac10cc7c0d16e78467460571b404/typing_extensions-4.5.0-py3-none-any.whl#sha256=fb33085c39dd998ac16d1431ebc293a8b3eedd00fd4a32de0ff79002c19511b4
Best match: typing-extensions 4.5.0
Processing typing_extensions-4.5.0-py3-none-any.whl
Installing typing_extensions-4.5.0-py3-none-any.whl to /home/runner/.local/lib/python3.11/site-packages
Adding typing-extensions 4.5.0 to easy-install.pth file

Installed /home/runner/.local/lib/python3.11/site-packages/typing_extensions-4.5.0-py3.11.egg
Searching for starlette<0.26,>=0.25
Reading https://pypi.org/simple/starlette/
Downloading https://files.pythonhosted.org/packages/b0/56/e7e16e133428ce19ff429d3d71aa7114048730385eea7d0985df5cf9aed6/starlette-0.25.0-py3-none-any.whl#sha256=774f1df1983fd594b9b6fb3ded39c2aa1979d10ac45caac0f4255cbe2acb8628
Best match: starlette 0.25.0
Processing starlette-0.25.0-py3-none-any.whl
Installing starlette-0.25.0-py3-none-any.whl to /home/runner/.local/lib/python3.11/site-packages
Adding starlette 0.25.0 to easy-install.pth file

Installed /home/runner/.local/lib/python3.11/site-packages/starlette-0.25.0-py3.11.egg
Searching for requests<3.0,>=2.27
Reading https://pypi.org/simple/requests/
Downloading https://files.pythonhosted.org/packages/d2/f4/274d1dbe96b41cf4e0efb70cbced278ffd61b5c7bb70338b62af94ccb25b/requests-2.28.2-py3-none-any.whl#sha256=64299f4909223da747622c030b781c0d7811e359c37124b4bd368fb8c6518baa
Best match: requests 2.28.2
Processing requests-2.28.2-py3-none-any.whl
Installing requests-2.28.2-py3-none-any.whl to /home/runner/.local/lib/python3.11/site-packages
Adding requests 2.28.2 to easy-install.pth file

Installed /home/runner/.local/lib/python3.11/site-packages/requests-2.28.2-py3.11.egg
Searching for python-multipart<0.1.0,>=0.0.5
Reading https://pypi.org/simple/python-multipart/
/opt/hostedtoolcache/Python/3.11.2/x64/lib/python3.11/site-packages/pkg_resources/__init__.py:123: PkgResourcesDeprecationWarning: multipart-0.0.1 is an invalid version and will not be supported in a future release
  warnings.warn(
/opt/hostedtoolcache/Python/3.11.2/x64/lib/python3.11/site-packages/pkg_resources/__init__.py:123: PkgResourcesDeprecationWarning: multipart-0.0.2 is an invalid version and will not be supported in a future release
  warnings.warn(
/opt/hostedtoolcache/Python/3.11.2/x64/lib/python3.11/site-packages/pkg_resources/__init__.py:123: PkgResourcesDeprecationWarning: multipart-0.0.3 is an invalid version and will not be supported in a future release
  warnings.warn(
/opt/hostedtoolcache/Python/3.11.2/x64/lib/python3.11/site-packages/pkg_resources/__init__.py:123: PkgResourcesDeprecationWarning: multipart-0.0.4 is an invalid version and will not be supported in a future release
  warnings.warn(
/opt/hostedtoolcache/Python/3.11.2/x64/lib/python3.11/site-packages/pkg_resources/__init__.py:123: PkgResourcesDeprecationWarning: multipart-0.0.5 is an invalid version and will not be supported in a future release
  warnings.warn(
Downloading https://files.pythonhosted.org/packages/b4/ff/b1e11d8bffb5e0e1b6d27f402eeedbeb9be6df2cdbc09356a1ae49806dbf/python_multipart-0.0.6-py3-none-any.whl#sha256=ee698bab5ef148b0a760751c261902cd096e57e10558e11aca17646b74ee1c18
Best match: python-multipart 0.0.6
Processing python_multipart-0.0.6-py3-none-any.whl
Installing python_multipart-0.0.6-py3-none-any.whl to /home/runner/.local/lib/python3.11/site-packages
Adding python-multipart 0.0.6 to easy-install.pth file

Installed /home/runner/.local/lib/python3.11/site-packages/python_multipart-0.0.6-py3.11.egg
Searching for jsonschema<5.0.0,>=4.0.1
Reading https://pypi.org/simple/jsonschema/
Downloading https://files.pythonhosted.org/packages/b1/62/e4e58ff402ab7c6413d42fe920dbe3ba2d0df8e546dac4e715c91c97483d/jsonschema-4.18.0a3-py3-none-any.whl#sha256=74655a97c41753163c195ac342ceb91168d6b719b123ebc1bbfa3cff6d103481
Best match: jsonschema 4.18.0a3
Processing jsonschema-4.18.0a3-py3-none-any.whl
Installing jsonschema-4.18.0a3-py3-none-any.whl to /home/runner/.local/lib/python3.11/site-packages
Adding jsonschema 4.18.0a3 to easy-install.pth file
Installing jsonschema script to /home/runner/.local/bin

Installed /home/runner/.local/lib/python3.11/site-packages/jsonschema-4.18.0a3-py3.11.egg
Searching for inflection<0.6,>=0.3.1
Reading https://pypi.org/simple/inflection/
Downloading https://files.pythonhosted.org/packages/59/91/aa6bde563e0085a02a435aa99b49ef75b0a4b062635e606dab23ce18d720/inflection-0.5.1-py2.py3-none-any.whl#sha256=f38b2b640938a4f35ade69ac3d053042959b62a0f1076a5bbaa1b9526605a8a2
Best match: inflection 0.5.1
Processing inflection-0.5.1-py2.py3-none-any.whl
Installing inflection-0.5.1-py2.py3-none-any.whl to /home/runner/.local/lib/python3.11/site-packages
Adding inflection 0.5.1 to easy-install.pth file

Installed /home/runner/.local/lib/python3.11/site-packages/inflection-0.5.1-py3.11.egg
Searching for httpx<0.24,>=0.23
Reading https://pypi.org/simple/httpx/
Downloading https://files.pythonhosted.org/packages/ac/a2/0260c0f5d73bdf06e8d3fc1013a82b9f0633dc21750c9e3f3cb1dba7bb8c/httpx-0.23.3-py3-none-any.whl#sha256=a211fcce9b1254ea24f0cd6af9869b3d29aba40154e947d2a07bb499b3e310d6
Best match: httpx 0.23.3
Processing httpx-0.23.3-py3-none-any.whl
Installing httpx-0.23.3-py3-none-any.whl to /home/runner/.local/lib/python3.11/site-packages
Adding httpx 0.23.3 to easy-install.pth file
Installing httpx script to /home/runner/.local/bin

Installed /home/runner/.local/lib/python3.11/site-packages/httpx-0.23.3-py3.11.egg
Searching for clickclick<21,>=1.2
Reading https://pypi.org/simple/clickclick/
Downloading https://files.pythonhosted.org/packages/7a/7e/c08007d3fb2bbefb430437a3573373590abedc03566b785d7d6763b22480/clickclick-20.10.2-py2.py3-none-any.whl#sha256=c8f33e6d9ec83f68416dd2136a7950125bd256ec39ccc9a85c6e280a16be2bb5
Best match: clickclick 20.10.2
Processing clickclick-20.10.2-py2.py3-none-any.whl
Installing clickclick-20.10.2-py2.py3-none-any.whl to /home/runner/.local/lib/python3.11/site-packages
Adding clickclick 20.10.2 to easy-install.pth file

Installed /home/runner/.local/lib/python3.11/site-packages/clickclick-20.10.2-py3.11.egg
Searching for asgiref<4.0,>=3.4
Reading https://pypi.org/simple/asgiref/
Downloading https://files.pythonhosted.org/packages/8f/29/38d10a47b322a77b2d12c2b79c789f52956f733cb701d4d5157c76b5f238/asgiref-3.6.0-py3-none-any.whl#sha256=71e68008da809b957b7ee4b43dbccff33d1b23519fb8344e33f049897077afac
Best match: asgiref 3.6.0
Processing asgiref-3.6.0-py3-none-any.whl
Installing asgiref-3.6.0-py3-none-any.whl to /home/runner/.local/lib/python3.11/site-packages
Adding asgiref 3.6.0 to easy-install.pth file

Installed /home/runner/.local/lib/python3.11/site-packages/asgiref-3.6.0-py3.11.egg
Searching for PyYAML<7,>=5.1
Reading https://pypi.org/simple/PyYAML/
Downloading https://files.pythonhosted.org/packages/56/8f/e8b49ad21d26111493dc2d5cae4d7efbd0e2e065440665f5023515f87f64/PyYAML-6.0-cp311-cp311-manylinux_2_17_x86_64.manylinux2014_x86_64.whl#sha256=432557aa2c09802be39460360ddffd48156e30721f5e8d917f01d31694216782
Best match: PyYAML 6.0
Processing PyYAML-6.0-cp311-cp311-manylinux_2_17_x86_64.manylinux2014_x86_64.whl
Installing PyYAML-6.0-cp311-cp311-manylinux_2_17_x86_64.manylinux2014_x86_64.whl to /home/runner/.local/lib/python3.11/site-packages
Adding PyYAML 6.0 to easy-install.pth file

Installed /home/runner/.local/lib/python3.11/site-packages/PyYAML-6.0-py3.11-linux-x86_64.egg
Searching for MarkupSafe>=2.0
Reading https://pypi.org/simple/MarkupSafe/
Downloading https://files.pythonhosted.org/packages/5a/94/d056bf5dbadf7f4b193ee2a132b3d49ffa1602371e3847518b2982045425/MarkupSafe-2.1.2-cp311-cp311-manylinux_2_17_x86_64.manylinux2014_x86_64.whl#sha256=f2bfb563d0211ce16b63c7cb9395d2c682a23187f54c3d79bfec33e6705473c6
Best match: MarkupSafe 2.1.2
Processing MarkupSafe-2.1.2-cp311-cp311-manylinux_2_17_x86_64.manylinux2014_x86_64.whl
Installing MarkupSafe-2.1.2-cp311-cp311-manylinux_2_17_x86_64.manylinux2014_x86_64.whl to /home/runner/.local/lib/python3.11/site-packages
Adding MarkupSafe 2.1.2 to easy-install.pth file

Installed /home/runner/.local/lib/python3.11/site-packages/MarkupSafe-2.1.2-py3.11-linux-x86_64.egg
Searching for anyio<5,>=3.4.0
Reading https://pypi.org/simple/anyio/
Downloading https://files.pythonhosted.org/packages/77/2b/b4c0b7a3f3d61adb1a1e0b78f90a94e2b6162a043880704b7437ef297cad/anyio-3.6.2-py3-none-any.whl#sha256=fbbe32bd270d2a2ef3ed1c5d45041250284e31fc0a4df4a5a6071842051a51e3
Best match: anyio 3.6.2
Processing anyio-3.6.2-py3-none-any.whl
Installing anyio-3.6.2-py3-none-any.whl to /home/runner/.local/lib/python3.11/site-packages
Adding anyio 3.6.2 to easy-install.pth file

Installed /home/runner/.local/lib/python3.11/site-packages/anyio-3.6.2-py3.11.egg
Searching for certifi>=2017.4.17
Reading https://pypi.org/simple/certifi/
Downloading https://files.pythonhosted.org/packages/71/4c/3db2b8021bd6f2f0ceb0e088d6b2d49147671f25832fb17970e9b583d742/certifi-2022.12.7-py3-none-any.whl#sha256=4ad3232f5e926d6718ec31cfc1fcadfde020920e278684144551c91769c7bc18
Best match: certifi 2022.12.7
Processing certifi-2022.12.7-py3-none-any.whl
Installing certifi-2022.12.7-py3-none-any.whl to /home/runner/.local/lib/python3.11/site-packages
Adding certifi 2022.12.7 to easy-install.pth file

Installed /home/runner/.local/lib/python3.11/site-packages/certifi-2022.12.7-py3.11.egg
Searching for urllib3<1.27,>=1.21.1
Reading https://pypi.org/simple/urllib3/
Downloading https://files.pythonhosted.org/packages/7b/f5/890a0baca17a61c1f92f72b81d3c31523c99bec609e60c292ea55b387ae8/urllib3-1.26.15-py2.py3-none-any.whl#sha256=aa751d169e23c7479ce47a0cb0da579e3ede798f994f5816a74e4f4500dcea42
Best match: urllib3 1.26.15
Processing urllib3-1.26.15-py2.py3-none-any.whl
Installing urllib3-1.26.15-py2.py3-none-any.whl to /home/runner/.local/lib/python3.11/site-packages
Adding urllib3 1.26.15 to easy-install.pth file

Installed /home/runner/.local/lib/python3.11/site-packages/urllib3-1.26.15-py3.11.egg
Searching for idna<4,>=2.5
Reading https://pypi.org/simple/idna/
Downloading https://files.pythonhosted.org/packages/fc/34/3030de6f1370931b9dbb4dad48f6ab1015ab1d32447850b9fc94e60097be/idna-3.4-py3-none-any.whl#sha256=90b77e79eaa3eba6de819a0c442c0b4ceefc341a7a2ab77d7562bf49f425c5c2
Best match: idna 3.4
Processing idna-3.4-py3-none-any.whl
Installing idna-3.4-py3-none-any.whl to /home/runner/.local/lib/python3.11/site-packages
Adding idna 3.4 to easy-install.pth file

Installed /home/runner/.local/lib/python3.11/site-packages/idna-3.4-py3.11.egg
Searching for charset-normalizer<4,>=2
Reading https://pypi.org/simple/charset-normalizer/
/opt/hostedtoolcache/Python/3.11.2/x64/lib/python3.11/site-packages/pkg_resources/__init__.py:123: PkgResourcesDeprecationWarning: normalizer-1.4.0 is an invalid version and will not be supported in a future release
  warnings.warn(
/opt/hostedtoolcache/Python/3.11.2/x64/lib/python3.11/site-packages/pkg_resources/__init__.py:123: PkgResourcesDeprecationWarning: normalizer-1.4.1 is an invalid version and will not be supported in a future release
  warnings.warn(
/opt/hostedtoolcache/Python/3.11.2/x64/lib/python3.11/site-packages/pkg_resources/__init__.py:123: PkgResourcesDeprecationWarning: normalizer-2.0.0 is an invalid version and will not be supported in a future release
  warnings.warn(
/opt/hostedtoolcache/Python/3.11.2/x64/lib/python3.11/site-packages/pkg_resources/__init__.py:123: PkgResourcesDeprecationWarning: normalizer-2.0.1 is an invalid version and will not be supported in a future release
  warnings.warn(
/opt/hostedtoolcache/Python/3.11.2/x64/lib/python3.11/site-packages/pkg_resources/__init__.py:123: PkgResourcesDeprecationWarning: normalizer-2.0.2 is an invalid version and will not be supported in a future release
  warnings.warn(
/opt/hostedtoolcache/Python/3.11.2/x64/lib/python3.11/site-packages/pkg_resources/__init__.py:123: PkgResourcesDeprecationWarning: normalizer-2.0.3 is an invalid version and will not be supported in a future release
  warnings.warn(
/opt/hostedtoolcache/Python/3.11.2/x64/lib/python3.11/site-packages/pkg_resources/__init__.py:123: PkgResourcesDeprecationWarning: normalizer-2.0.4 is an invalid version and will not be supported in a future release
  warnings.warn(
/opt/hostedtoolcache/Python/3.11.2/x64/lib/python3.11/site-packages/pkg_resources/__init__.py:123: PkgResourcesDeprecationWarning: normalizer-2.0.5 is an invalid version and will not be supported in a future release
  warnings.warn(
/opt/hostedtoolcache/Python/3.11.2/x64/lib/python3.11/site-packages/pkg_resources/__init__.py:123: PkgResourcesDeprecationWarning: normalizer-2.0.6 is an invalid version and will not be supported in a future release
  warnings.warn(
/opt/hostedtoolcache/Python/3.11.2/x64/lib/python3.11/site-packages/pkg_resources/__init__.py:123: PkgResourcesDeprecationWarning: normalizer-2.0.7 is an invalid version and will not be supported in a future release
  warnings.warn(
/opt/hostedtoolcache/Python/3.11.2/x64/lib/python3.11/site-packages/pkg_resources/__init__.py:123: PkgResourcesDeprecationWarning: normalizer-2.0.8 is an invalid version and will not be supported in a future release
  warnings.warn(
/opt/hostedtoolcache/Python/3.11.2/x64/lib/python3.11/site-packages/pkg_resources/__init__.py:123: PkgResourcesDeprecationWarning: normalizer-2.0.9 is an invalid version and will not be supported in a future release
  warnings.warn(
/opt/hostedtoolcache/Python/3.11.2/x64/lib/python3.11/site-packages/pkg_resources/__init__.py:123: PkgResourcesDeprecationWarning: normalizer-2.0.10 is an invalid version and will not be supported in a future release
  warnings.warn(
/opt/hostedtoolcache/Python/3.11.2/x64/lib/python3.11/site-packages/pkg_resources/__init__.py:123: PkgResourcesDeprecationWarning: normalizer-2.0.11 is an invalid version and will not be supported in a future release
  warnings.warn(
/opt/hostedtoolcache/Python/3.11.2/x64/lib/python3.11/site-packages/pkg_resources/__init__.py:123: PkgResourcesDeprecationWarning: normalizer-2.0.12 is an invalid version and will not be supported in a future release
  warnings.warn(
/opt/hostedtoolcache/Python/3.11.2/x64/lib/python3.11/site-packages/pkg_resources/__init__.py:123: PkgResourcesDeprecationWarning: normalizer-2.1.0 is an invalid version and will not be supported in a future release
  warnings.warn(
/opt/hostedtoolcache/Python/3.11.2/x64/lib/python3.11/site-packages/pkg_resources/__init__.py:123: PkgResourcesDeprecationWarning: normalizer-2.1.1 is an invalid version and will not be supported in a future release
  warnings.warn(
/opt/hostedtoolcache/Python/3.11.2/x64/lib/python3.11/site-packages/pkg_resources/__init__.py:123: PkgResourcesDeprecationWarning: normalizer-3.0.0b1 is an invalid version and will not be supported in a future release
  warnings.warn(
/opt/hostedtoolcache/Python/3.11.2/x64/lib/python3.11/site-packages/pkg_resources/__init__.py:123: PkgResourcesDeprecationWarning: normalizer-3.0.0b2 is an invalid version and will not be supported in a future release
  warnings.warn(
/opt/hostedtoolcache/Python/3.11.2/x64/lib/python3.11/site-packages/pkg_resources/__init__.py:123: PkgResourcesDeprecationWarning: normalizer-3.0.0rc1 is an invalid version and will not be supported in a future release
  warnings.warn(
/opt/hostedtoolcache/Python/3.11.2/x64/lib/python3.11/site-packages/pkg_resources/__init__.py:123: PkgResourcesDeprecationWarning: normalizer-3.0.0 is an invalid version and will not be supported in a future release
  warnings.warn(
/opt/hostedtoolcache/Python/3.11.2/x64/lib/python3.11/site-packages/pkg_resources/__init__.py:123: PkgResourcesDeprecationWarning: normalizer-3.0.1 is an invalid version and will not be supported in a future release
  warnings.warn(
/opt/hostedtoolcache/Python/3.11.2/x64/lib/python3.11/site-packages/pkg_resources/__init__.py:123: PkgResourcesDeprecationWarning: normalizer-3.1.0 is an invalid version and will not be supported in a future release
  warnings.warn(
Downloading https://files.pythonhosted.org/packages/ef/81/14b3b8f01ddaddad6cdec97f2f599aa2fa466bd5ee9af99b08b7713ccd29/charset_normalizer-3.1.0-py3-none-any.whl#sha256=3d9098b479e78c85080c98e1e35ff40b4a31d8953102bb0fd7d1b6f8a2111a3d
Best match: charset-normalizer 3.1.0
Processing charset_normalizer-3.1.0-py3-none-any.whl
Installing charset_normalizer-3.1.0-py3-none-any.whl to /home/runner/.local/lib/python3.11/site-packages
Adding charset-normalizer 3.1.0 to easy-install.pth file
Installing normalizer script to /home/runner/.local/bin

Installed /home/runner/.local/lib/python3.11/site-packages/charset_normalizer-3.1.0-py3.11.egg
Searching for rpds-py>=0.7.1
Reading https://pypi.org/simple/rpds-py/
Downloading https://files.pythonhosted.org/packages/5a/53/5d6845d9c6aed768e11fcfbb9b5ba457745b62c542491c79e6e1009b2e80/rpds_py-0.7.1-cp38-abi3-manylinux_2_17_x86_64.manylinux2014_x86_64.whl#sha256=025b8101dbf39d77cf41ac3c737e4c713e0b2728a516443b382e66b9d492ff98
Best match: rpds-py 0.7.1
Processing rpds_py-0.7.1-cp38-abi3-manylinux_2_17_x86_64.manylinux2014_x86_64.whl
Installing rpds_py-0.7.1-cp38-abi3-manylinux_2_17_x86_64.manylinux2014_x86_64.whl to /home/runner/.local/lib/python3.11/site-packages
Adding rpds-py 0.7.1 to easy-install.pth file

Installed /home/runner/.local/lib/python3.11/site-packages/rpds_py-0.7.1-py3.11-linux-x86_64.egg
Searching for referencing>=0.26.4
Reading https://pypi.org/simple/referencing/
Downloading https://files.pythonhosted.org/packages/d8/b3/aedacdc4a453fb034239efab6fefa557a6ad58f1e38f50dea33cae3dcff0/referencing-0.27.0-py3-none-any.whl#sha256=8fd38e89f24b309c13df7b8e8673fa720c92b95d60638a3f028b4d1f3aad1692
Best match: referencing 0.27.0
Processing referencing-0.27.0-py3-none-any.whl
Installing referencing-0.27.0-py3-none-any.whl to /home/runner/.local/lib/python3.11/site-packages
Adding referencing 0.27.0 to easy-install.pth file

Installed /home/runner/.local/lib/python3.11/site-packages/referencing-0.27.0-py3.11.egg
Searching for jsonschema-specifications>=2023.03.6
Reading https://pypi.org/simple/jsonschema-specifications/
Downloading https://files.pythonhosted.org/packages/de/5b/e74d5dcee46c38689c93038b0569881f57221a0847be54430d8deb7eb834/jsonschema_specifications-2023.3.6-py3-none-any.whl#sha256=a743d6acd3d6ce0aa4d691b001be145eb8d0075d5beb3ce77c4e17cb13ebf158
Best match: jsonschema-specifications 2023.3.6
Processing jsonschema_specifications-2023.3.6-py3-none-any.whl
Installing jsonschema_specifications-2023.3.6-py3-none-any.whl to /home/runner/.local/lib/python3.11/site-packages
Adding jsonschema-specifications 2023.3.6 to easy-install.pth file

Installed /home/runner/.local/lib/python3.11/site-packages/jsonschema_specifications-2023.3.6-py3.11.egg
Searching for attrs>=22.2.0
Reading https://pypi.org/simple/attrs/
Downloading https://files.pythonhosted.org/packages/fb/6e/6f83bf616d2becdf333a1640f1d463fef3150e2e926b7010cb0f81c95e88/attrs-22.2.0-py3-none-any.whl#sha256=29e95c7f6778868dbd49170f98f8818f78f3dc5e0e37c0b1f474e3561b240836
Best match: attrs 22.2.0
Processing attrs-22.2.0-py3-none-any.whl
Installing attrs-22.2.0-py3-none-any.whl to /home/runner/.local/lib/python3.11/site-packages
Adding attrs 22.2.0 to easy-install.pth file

Installed /home/runner/.local/lib/python3.11/site-packages/attrs-22.2.0-py3.11.egg
Searching for sniffio
Reading https://pypi.org/simple/sniffio/
Downloading https://files.pythonhosted.org/packages/c3/a0/5dba8ed157b0136607c7f2151db695885606968d1fae123dc3391e0cfdbf/sniffio-1.3.0-py3-none-any.whl#sha256=eecefdce1e5bbfb7ad2eeaabf7c1eeb404d7757c379bd1f7e5cce9d8bf425384
Best match: sniffio 1.3.0
Processing sniffio-1.3.0-py3-none-any.whl
Installing sniffio-1.3.0-py3-none-any.whl to /home/runner/.local/lib/python3.11/site-packages
Adding sniffio 1.3.0 to easy-install.pth file

Installed /home/runner/.local/lib/python3.11/site-packages/sniffio-1.3.0-py3.11.egg
Searching for rfc3986[idna2008]<2,>=1.3
Reading https://pypi.org/simple/rfc3986/
Downloading https://files.pythonhosted.org/packages/c4/e5/63ca2c4edf4e00657584608bee1001302bbf8c5f569340b78304f2f446cb/rfc3986-1.5.0-py2.py3-none-any.whl#sha256=a86d6e1f5b1dc238b218b012df0aa79409667bb209e58da56d0b94704e712a97
Best match: rfc3986 1.5.0
Processing rfc3986-1.5.0-py2.py3-none-any.whl
Installing rfc3986-1.5.0-py2.py3-none-any.whl to /home/runner/.local/lib/python3.11/site-packages
Adding rfc3986 1.5.0 to easy-install.pth file

Installed /home/runner/.local/lib/python3.11/site-packages/rfc3986-1.5.0-py3.11.egg
Searching for httpcore<0.17.0,>=0.15.0
Reading https://pypi.org/simple/httpcore/
Downloading https://files.pythonhosted.org/packages/04/7e/ef97af4623024e8159993b3114ce208de4f677098ae058ec5882a1bf7605/httpcore-0.16.3-py3-none-any.whl#sha256=da1fb708784a938aa084bde4feb8317056c55037247c787bd7e19eb2c2949dc0
Best match: httpcore 0.16.3
Processing httpcore-0.16.3-py3-none-any.whl
Installing httpcore-0.16.3-py3-none-any.whl to /home/runner/.local/lib/python3.11/site-packages
Adding httpcore 0.16.3 to easy-install.pth file

Installed /home/runner/.local/lib/python3.11/site-packages/httpcore-0.16.3-py3.11.egg
Searching for click>=4.0
Reading https://pypi.org/simple/click/
Downloading https://files.pythonhosted.org/packages/c2/f1/df59e28c642d583f7dacffb1e0965d0e00b218e0186d7858ac5233dce840/click-8.1.3-py3-none-any.whl#sha256=bb4d8133cb15a609f44e8213d9b391b0809795062913b383c62be0ee95b1db48
Best match: click 8.1.3
Processing click-8.1.3-py3-none-any.whl
Installing click-8.1.3-py3-none-any.whl to /home/runner/.local/lib/python3.11/site-packages
Adding click 8.1.3 to easy-install.pth file

Installed /home/runner/.local/lib/python3.11/site-packages/click-8.1.3-py3.11.egg
Searching for h11<0.15,>=0.13
Reading https://pypi.org/simple/h11/
Downloading https://files.pythonhosted.org/packages/95/04/ff642e65ad6b90db43e668d70ffb6736436c7ce41fcc549f4e9472234127/h11-0.14.0-py3-none-any.whl#sha256=e3fe4ac4b851c468cc8363d500db52c2ead036020723024a109d37346efaa761
Best match: h11 0.14.0
Processing h11-0.14.0-py3-none-any.whl
Installing h11-0.14.0-py3-none-any.whl to /home/runner/.local/lib/python3.11/site-packages
Adding h11 0.14.0 to easy-install.pth file

Installed /home/runner/.local/lib/python3.11/site-packages/h11-0.14.0-py3.11.egg
Finished processing dependencies for swagger-server==1.0.0

****** executing: pip3 install nose2 --user ******

Collecting nose2
  Downloading nose2-0.12.0-py2.py3-none-any.whl (152 kB)
      152.8/152.8 kB 5.3 MB/s eta 0:00:00
Installing collected packages: nose2
Successfully installed nose2-0.12.0

****** executing: python3 -m nose2 ******

EEEEEEEEEE
======================================================================
ERROR: swagger_server.test.test_another_fake_controller (nose2.loader.ModuleImportFailure.swagger_server.test.test_another_fake_controller)
----------------------------------------------------------------------
ImportError: Failed to import test module: swagger_server.test.test_another_fake_controller
Traceback (most recent call last):
  File "/home/runner/.local/lib/python3.11/site-packages/nose2/plugins/loader/discovery.py", line 204, in _find_tests_in_file
    module = util.module_from_name(module_name)
             ^^^^^^^^^^^^^^^^^^^^^^^^^^^^^^^^^^
  File "/home/runner/.local/lib/python3.11/site-packages/nose2/util.py", line 76, in module_from_name
    __import__(name)
ValueError: source code string cannot contain null bytes


======================================================================
ERROR: swagger_server.test.test_dog_controller (nose2.loader.ModuleImportFailure.swagger_server.test.test_dog_controller)
----------------------------------------------------------------------
ImportError: Failed to import test module: swagger_server.test.test_dog_controller
Traceback (most recent call last):
  File "/home/runner/.local/lib/python3.11/site-packages/nose2/plugins/loader/discovery.py", line 204, in _find_tests_in_file
    module = util.module_from_name(module_name)
             ^^^^^^^^^^^^^^^^^^^^^^^^^^^^^^^^^^
  File "/home/runner/.local/lib/python3.11/site-packages/nose2/util.py", line 76, in module_from_name
    __import__(name)
ValueError: source code string cannot contain null bytes


======================================================================
ERROR: swagger_server.test.test_fake_controller (nose2.loader.ModuleImportFailure.swagger_server.test.test_fake_controller)
----------------------------------------------------------------------
ImportError: Failed to import test module: swagger_server.test.test_fake_controller
Traceback (most recent call last):
  File "/home/runner/.local/lib/python3.11/site-packages/nose2/plugins/loader/discovery.py", line 204, in _find_tests_in_file
    module = util.module_from_name(module_name)
             ^^^^^^^^^^^^^^^^^^^^^^^^^^^^^^^^^^
  File "/home/runner/.local/lib/python3.11/site-packages/nose2/util.py", line 76, in module_from_name
    __import__(name)
ValueError: source code string cannot contain null bytes


======================================================================
ERROR: swagger_server.test.test_pet_controller (nose2.loader.ModuleImportFailure.swagger_server.test.test_pet_controller)
----------------------------------------------------------------------
ImportError: Failed to import test module: swagger_server.test.test_pet_controller
Traceback (most recent call last):
  File "/home/runner/.local/lib/python3.11/site-packages/nose2/plugins/loader/discovery.py", line 204, in _find_tests_in_file
    module = util.module_from_name(module_name)
             ^^^^^^^^^^^^^^^^^^^^^^^^^^^^^^^^^^
  File "/home/runner/.local/lib/python3.11/site-packages/nose2/util.py", line 76, in module_from_name
    __import__(name)
ValueError: source code string cannot contain null bytes


======================================================================
ERROR: swagger_server.test.test_fake_classname_tags123_controller (nose2.loader.ModuleImportFailure.swagger_server.test.test_fake_classname_tags123_controller)
----------------------------------------------------------------------
ImportError: Failed to import test module: swagger_server.test.test_fake_classname_tags123_controller
Traceback (most recent call last):
  File "/home/runner/.local/lib/python3.11/site-packages/nose2/plugins/loader/discovery.py", line 204, in _find_tests_in_file
    module = util.module_from_name(module_name)
             ^^^^^^^^^^^^^^^^^^^^^^^^^^^^^^^^^^
  File "/home/runner/.local/lib/python3.11/site-packages/nose2/util.py", line 76, in module_from_name
    __import__(name)
ValueError: source code string cannot contain null bytes


======================================================================
ERROR: swagger_server.test.test_parrot_controller (nose2.loader.ModuleImportFailure.swagger_server.test.test_parrot_controller)
----------------------------------------------------------------------
ImportError: Failed to import test module: swagger_server.test.test_parrot_controller
Traceback (most recent call last):
  File "/home/runner/.local/lib/python3.11/site-packages/nose2/plugins/loader/discovery.py", line 204, in _find_tests_in_file
    module = util.module_from_name(module_name)
             ^^^^^^^^^^^^^^^^^^^^^^^^^^^^^^^^^^
  File "/home/runner/.local/lib/python3.11/site-packages/nose2/util.py", line 76, in module_from_name
    __import__(name)
ValueError: source code string cannot contain null bytes


======================================================================
ERROR: swagger_server.test.test_store_controller (nose2.loader.ModuleImportFailure.swagger_server.test.test_store_controller)
----------------------------------------------------------------------
ImportError: Failed to import test module: swagger_server.test.test_store_controller
Traceback (most recent call last):
  File "/home/runner/.local/lib/python3.11/site-packages/nose2/plugins/loader/discovery.py", line 204, in _find_tests_in_file
    module = util.module_from_name(module_name)
             ^^^^^^^^^^^^^^^^^^^^^^^^^^^^^^^^^^
  File "/home/runner/.local/lib/python3.11/site-packages/nose2/util.py", line 76, in module_from_name
    __import__(name)
ValueError: source code string cannot contain null bytes


======================================================================
ERROR: swagger_server.test.test_user_controller (nose2.loader.ModuleImportFailure.swagger_server.test.test_user_controller)
----------------------------------------------------------------------
ImportError: Failed to import test module: swagger_server.test.test_user_controller
Traceback (most recent call last):
  File "/home/runner/.local/lib/python3.11/site-packages/nose2/plugins/loader/discovery.py", line 204, in _find_tests_in_file
    module = util.module_from_name(module_name)
             ^^^^^^^^^^^^^^^^^^^^^^^^^^^^^^^^^^
  File "/home/runner/.local/lib/python3.11/site-packages/nose2/util.py", line 76, in module_from_name
    __import__(name)
ValueError: source code string cannot contain null bytes


======================================================================
ERROR: swagger_server.test.test_animal_controller (nose2.loader.ModuleImportFailure.swagger_server.test.test_animal_controller)
----------------------------------------------------------------------
ImportError: Failed to import test module: swagger_server.test.test_animal_controller
Traceback (most recent call last):
  File "/home/runner/.local/lib/python3.11/site-packages/nose2/plugins/loader/discovery.py", line 204, in _find_tests_in_file
    module = util.module_from_name(module_name)
             ^^^^^^^^^^^^^^^^^^^^^^^^^^^^^^^^^^
  File "/home/runner/.local/lib/python3.11/site-packages/nose2/util.py", line 76, in module_from_name
    __import__(name)
ValueError: source code string cannot contain null bytes


======================================================================
ERROR: swagger_server.test.test_master_controller (nose2.loader.ModuleImportFailure.swagger_server.test.test_master_controller)
----------------------------------------------------------------------
ImportError: Failed to import test module: swagger_server.test.test_master_controller
Traceback (most recent call last):
  File "/home/runner/.local/lib/python3.11/site-packages/nose2/plugins/loader/discovery.py", line 204, in _find_tests_in_file
    module = util.module_from_name(module_name)
             ^^^^^^^^^^^^^^^^^^^^^^^^^^^^^^^^^^
  File "/home/runner/.local/lib/python3.11/site-packages/nose2/util.py", line 76, in module_from_name
    __import__(name)
ValueError: source code string cannot contain null bytes


----------------------------------------------------------------------
Ran 10 tests in 0.001s

FAILED (errors=10)
